<?xml version="1.0" encoding="UTF-8"?>
<!-- Generated by org.testng.reporters.JUnitXMLReporter -->
<testsuite hostname="DESKTOP-OOBPTB3" ignored="0" name="Test" tests="2" failures="2" timestamp="2020-08-27T19:31:07 SGT" time="23.86" errors="0">
  <testcase name="test" time="7.683" classname="learn.automation2">
    <failure type="java.lang.AssertionError" message="actual title is test_001 - Google Search expected [false] but found [true]">
      <![CDATA[java.lang.AssertionError: actual title is test_001 - Google Search expected [false] but found [true]
at learn.automation2.test(automation2.java:107)
at java.util.ArrayList.forEach(Unknown Source)
... Removed 30 stack frames]]>
    </failure>
  </testcase> <!-- test -->
  <testcase name="test" time="6.914" classname="learn.automation2">
    <failure type="java.lang.AssertionError" message="actual title is automation1 - Google Search expected [false] but found [true]">
      <![CDATA[java.lang.AssertionError: actual title is automation1 - Google Search expected [false] but found [true]
at learn.automation2.test(automation2.java:107)
at java.util.ArrayList.forEach(Unknown Source)
... Removed 30 stack frames]]>
    </failure>
  </testcase> <!-- test -->
</testsuite> <!-- Test -->
